Added Component: Designator=C1(GRM21BR61E105KA01K)
Added Component: Designator=C2(GRM21BR61E105KA01K)
Added Component: Designator=C3(TAJV686MO35RNJ)
Added Component: Designator=DA1(249KP1S-44_3208_125_12)
Added Component: Designator=DA2(249KP1S-44_3208_125_12)
Added Component: Designator=DA3(249KP1S-44_3208_125_12)
Added Component: Designator=DA4(249KP1S-44_3208_125_12)
Added Component: Designator=DA5(249KP1S-44_3208_125_12)
Added Component: Designator=DA6(MAX4172)
Added Component: Designator=DD1(CD4050BD)
Added Component: Designator=DD2(CD4050BD)
Added Component: Designator=DD3(UL2004AD)
Added Component: Designator=DD4(UL2004AD)
Added Component: Designator=DD5(CD4049UBD)
Added Component: Designator=DD6(CD4049UBD)
Added Component: Designator=DD7(CD4050BD)
Added Component: Designator=DD8(CD4050BD)
Added Component: Designator=R1(CR1206-JW-8250ELF)
Added Component: Designator=R2(CR1206-JW-4701ELF)
Added Component: Designator=R3(KNP100JTB0R1-1_0000_175)
Added Component: Designator=R4(CR1206-JW-4701ELF)
Added Component: Designator=R5(CR1206-JW-1001ELF)
Added Component: Designator=R6(CR1206-JW-3301ELF)
Added Component: Designator=R7(CR1206-JW-3301ELF)
Added Component: Designator=R8(CR1206-JW-3301ELF)
Added Component: Designator=R9(CR1206-JW-3301ELF)
Added Component: Designator=R10(CR1206-JW-3301ELF)
Added Component: Designator=R11(CR1206-JW-3301ELF)
Added Component: Designator=R12(CR1206-JW-3301ELF)
Added Component: Designator=R13(CR1206-JW-3301ELF)
Added Component: Designator=R14(CR1206-JW-4700ELF)
Added Component: Designator=R15(CR1206-JW-3300ELF)
Added Component: Designator=R16(CR1206-JW-4700ELF)
Added Component: Designator=R17(CR1206-JW-3300ELF)
Added Component: Designator=R18(CR1206-JW-4700ELF)
Added Component: Designator=R19(CR1206-JW-3300ELF)
Added Component: Designator=R20(CR1206-JW-4700ELF)
Added Component: Designator=R21(CR1206-JW-3300ELF)
Added Component: Designator=R22(CR1206-JW-4700ELF)
Added Component: Designator=R23(CR1206-JW-3300ELF)
Added Component: Designator=R24(CR1206-JW-4700ELF)
Added Component: Designator=R25(CR1206-JW-3300ELF)
Added Component: Designator=R26(CR1206-JW-4700ELF)
Added Component: Designator=R27(CR1206-JW-3300ELF)
Added Component: Designator=R28(CR1206-JW-4700ELF)
Added Component: Designator=R29(CR1206-JW-3300ELF)
Added Component: Designator=R30(CR1206-JW-3301ELF)
Added Component: Designator=R31(CR1206-JW-3301ELF)
Added Component: Designator=R32(CR1206-JW-3301ELF)
Added Component: Designator=R33(CR1206-JW-3301ELF)
Added Component: Designator=R34(CR1206-JW-3301ELF)
Added Component: Designator=R35(CR1206-JW-3301ELF)
Added Component: Designator=R36(CR1206-JW-3301ELF)
Added Component: Designator=R37(CR1206-JW-3301ELF)
Added Component: Designator=R38(CR1206-JW-4700ELF)
Added Component: Designator=R39(CR1206-JW-4700ELF)
Added Component: Designator=R40(CR1206-JW-4700ELF)
Added Component: Designator=R41(CR1206-JW-4700ELF)
Added Component: Designator=R42(CR1206-JW-4700ELF)
Added Component: Designator=R43(CR1206-JW-4700ELF)
Added Component: Designator=R44(CR1206-JW-4700ELF)
Added Component: Designator=R45(CR1206-JW-4700ELF)
Added Component: Designator=R46(CR1206-JW-3301ELF)
Added Component: Designator=R47(CR1206-JW-3301ELF)
Added Component: Designator=R48(CR1206-JW-3301ELF)
Added Component: Designator=R49(CR1206-JW-3301ELF)
Added Component: Designator=R50(CR1206-JW-4700ELF)
Added Component: Designator=R51(CR1206-JW-4700ELF)
Added Component: Designator=R52(CR1206-JW-4700ELF)
Added Component: Designator=R53(CR1206-JW-4700ELF)
Added Component: Designator=R54(CR1206-JW-4701ELF)
Added Component: Designator=R55(CR1206-JW-3300ELF)
Added Component: Designator=R56(CR1206-JW-4701ELF)
Added Component: Designator=R57(CR1206-JW-1001ELF)
Added Component: Designator=R58(CR1206-JW-4700ELF)
Added Component: Designator=SA1(7107SYZQE)
Added Component: Designator=SA2(7107SYZQE)
Added Component: Designator=SA3(7107SYZQE)
Added Component: Designator=SA4(7107SYZQE)
Added Component: Designator=SA5(7107SYZQE)
Added Component: Designator=SA6(7107SYZQE)
Added Component: Designator=SA7(7107SYZQE)
Added Component: Designator=SA8(7107SYZQE)
Added Component: Designator=SA9(7107SYZQE)
Added Component: Designator=SA10(7107SYZQE)
Added Component: Designator=SA11(7107SYZQE)
Added Component: Designator=VD1(HLMP-D150)
Added Component: Designator=VD2(HLMP-D150)
Added Component: Designator=VD3(HLMP-D150)
Added Component: Designator=VD4(HLMP-D150)
Added Component: Designator=VD5(HLMP-D150)
Added Component: Designator=VD6(HLMP-D150)
Added Component: Designator=VD7(HLMP-D150)
Added Component: Designator=VD8(HLMP-D150)
Added Component: Designator=VD9(HLMP-D150)
Added Component: Designator=VD10(HLMP-D150)
Added Component: Designator=VD11(HLMP-D150)
Added Component: Designator=VD12(HLMP-D150)
Added Component: Designator=VD13(HLMP-D150)
Added Component: Designator=VD14(HLMP-D150)
Added Component: Designator=VD15(HLMP-D150)
Added Component: Designator=VD16(HLMP-D150)
Added Component: Designator=VD17(HLMP-D150)
Added Component: Designator=VD18(HLMP-D150)
Added Component: Designator=VD19(10MQ060N)
Added Component: Designator=VD20(10MQ060N)
Added Component: Designator=VD21(HLMP-D150)
Added Component: Designator=VD22(HLMP-D150)
Added Component: Designator=VD23(HLMP-D150)
Added Component: Designator=VD24(HLMP-D150)
Added Component: Designator=VD25(1N4754A-1_0000_100)
Added Component: Designator=VD26(1N4754A-1_0000_100)
Added Component: Designator=VD27(1N4754A-1_0000_100)
Added Component: Designator=VT1(IRF4905PBF-f1)
Added Component: Designator=XT1(PLD-20)
Added Component: Designator=XT2(PLD-10)
Added Component: Designator=XT3(PLD-40)
Added Component: Designator=XT4(PLD-18)
Added Component: Designator=XT5(PLD-16)
Added Component: Designator=œ1(ZMP)
Added Component: Designator=œ2(ZMP)
Added Component: Designator=œ3(ZMP)
Added Component: Designator=œ4(ZMP)
Added Component: Designator=œ5(ZMP)
Added Component: Designator=œ6(ZMP)
Added Component: Designator=œ7(Pad)
Added Pin To Net: NetName=+5V Pin=C1-2
Added Pin To Net: NetName=+5V Pin=C2-2
Added Pin To Net: NetName=+5V Pin=C3-1
Added Pin To Net: NetName=+5V Pin=DA1-2
Added Pin To Net: NetName=NetDA1_4 Pin=DA1-4
Added Pin To Net: NetName=NetDA1_6 Pin=DA1-6
Added Pin To Net: NetName=+5V Pin=DA1-9
Added Pin To Net: NetName=NetDA1_11 Pin=DA1-11
Added Pin To Net: NetName=NetDA1_13 Pin=DA1-13
Added Pin To Net: NetName=+5V Pin=DA2-2
Added Pin To Net: NetName=NetDA2_4 Pin=DA2-4
Added Pin To Net: NetName=NetDA2_6 Pin=DA2-6
Added Pin To Net: NetName=+5V Pin=DA2-9
Added Pin To Net: NetName=NetDA2_11 Pin=DA2-11
Added Pin To Net: NetName=NetDA2_13 Pin=DA2-13
Added Pin To Net: NetName=+5V Pin=DA3-2
Added Pin To Net: NetName=NetDA3_4 Pin=DA3-4
Added Pin To Net: NetName=NetDA3_6 Pin=DA3-6
Added Pin To Net: NetName=+5V Pin=DA3-9
Added Pin To Net: NetName=NetDA3_11 Pin=DA3-11
Added Pin To Net: NetName=NetDA3_13 Pin=DA3-13
Added Pin To Net: NetName=+5V Pin=DA4-2
Added Pin To Net: NetName=+5V Pin=DA4-9
Added Pin To Net: NetName=NetDA4_11 Pin=DA4-11
Added Pin To Net: NetName=NetDA4_13 Pin=DA4-13
Added Pin To Net: NetName=+27¬_Í‡ÏÂ‡ Pin=DA5-2
Added Pin To Net: NetName=NetDA1_2 Pin=DA5-3
Added Pin To Net: NetName=NetDA1_9 Pin=DA5-13
Added Pin To Net: NetName=-27¬ Pin=DA6-5
Added Pin To Net: NetName=NetDA2_2 Pin=DA6-6
Added Pin To Net: NetName=+27¬ Pin=DA6-8
Added Pin To Net: NetName=+5V Pin=DD1-1
Added Pin To Net: NetName=+5V Pin=DD2-1
Added Pin To Net: NetName=NetDA2_9 Pin=DD2-6
Added Pin To Net: NetName=NETLABEL7 Pin=DD2-7
Added Pin To Net: NetName=NETLABEL7 Pin=DD2-9
Added Pin To Net: NetName=NetDA3_2 Pin=DD2-10
Added Pin To Net: NetName=NETLABEL7 Pin=DD2-11
Added Pin To Net: NetName=NetDA3_9 Pin=DD2-12
Added Pin To Net: NetName=NETLABEL7 Pin=DD2-14
Added Pin To Net: NetName=NetDA4_2 Pin=DD2-15
Added Pin To Net: NetName=NetDD2_11 Pin=DD4-3
Added Pin To Net: NetName=NetDA1_2 Pin=DD4-14
Added Pin To Net: NetName=+5V Pin=DD5-1
Added Pin To Net: NetName=NETLABEL7 Pin=DD5-2
Added Pin To Net: NetName=“Ã1 Pin=DD5-3
Added Pin To Net: NetName=NETLABEL7 Pin=DD5-4
Added Pin To Net: NetName=“Ã2 Pin=DD5-5
Added Pin To Net: NetName=NETLABEL7 Pin=DD5-6
Added Pin To Net: NetName=“Ã3 Pin=DD5-7
Added Pin To Net: NetName=“Ã4 Pin=DD5-9
Added Pin To Net: NetName=NETLABEL7 Pin=DD5-10
Added Pin To Net: NetName=“Ã5 Pin=DD5-11
Added Pin To Net: NetName=NETLABEL7 Pin=DD5-12
Added Pin To Net: NetName=“Ã6 Pin=DD5-14
Added Pin To Net: NetName=NETLABEL7 Pin=DD5-15
Added Pin To Net: NetName=+5V Pin=DD6-1
Added Pin To Net: NetName=NETLABEL7 Pin=DD6-2
Added Pin To Net: NetName=“Ã7 Pin=DD6-3
Added Pin To Net: NetName=NETLABEL7 Pin=DD6-4
Added Pin To Net: NetName=“Ã8 Pin=DD6-5
Added Pin To Net: NetName=NETLABEL7 Pin=DD6-6
Added Pin To Net: NetName=“Ã9 Pin=DD6-7
Added Pin To Net: NetName=“Ã10 Pin=DD6-9
Added Pin To Net: NetName=NETLABEL7 Pin=DD6-10
Added Pin To Net: NetName=NetDD2_14 Pin=DD6-11
Added Pin To Net: NetName=NETLABEL7 Pin=DD6-12
Added Pin To Net: NetName=NETLABEL1 Pin=DD6-14
Added Pin To Net: NetName=NETLABEL7 Pin=DD6-15
Added Pin To Net: NetName=+5V Pin=DD7-1
Added Pin To Net: NetName=NETLABEL2 Pin=DD7-2
Added Pin To Net: NetName=NETLABEL7 Pin=DD7-3
Added Pin To Net: NetName=NETLABEL8 Pin=DD7-4
Added Pin To Net: NetName=NETLABEL7 Pin=DD7-5
Added Pin To Net: NetName=NETLABEL9 Pin=DD7-6
Added Pin To Net: NetName=NETLABEL7 Pin=DD7-7
Added Pin To Net: NetName=NETLABEL7 Pin=DD7-9
Added Pin To Net: NetName=NETLABEL10 Pin=DD7-10
Added Pin To Net: NetName=NETLABEL7 Pin=DD7-11
Added Pin To Net: NetName=NETLABEL11 Pin=DD7-12
Added Pin To Net: NetName=NETLABEL7 Pin=DD7-14
Added Pin To Net: NetName=NETLABEL12 Pin=DD7-15
Added Pin To Net: NetName=+5V Pin=DD8-1
Added Pin To Net: NetName=NETLABEL13 Pin=DD8-2
Added Pin To Net: NetName=NETLABEL7 Pin=DD8-3
Added Pin To Net: NetName=NETLABEL14 Pin=DD8-4
Added Pin To Net: NetName=NETLABEL7 Pin=DD8-5
Added Pin To Net: NetName=NetDD2_11 Pin=DD8-6
Added Pin To Net: NetName=NETLABEL15 Pin=DD8-7
Added Pin To Net: NetName=+27¬_ÔÛÎ¸Ú Pin=R1-1
Added Pin To Net: NetName=+27¬_ÔÛÎ¸Ú Pin=R2-1
Added Pin To Net: NetName=+5V Pin=R30-1
Added Pin To Net: NetName=“Ã1 Pin=R30-2
Added Pin To Net: NetName=+5V Pin=R31-1
Added Pin To Net: NetName=“Ã2 Pin=R31-2
Added Pin To Net: NetName=+5V Pin=R32-1
Added Pin To Net: NetName=“Ã3 Pin=R32-2
Added Pin To Net: NetName=+5V Pin=R33-1
Added Pin To Net: NetName=“Ã4 Pin=R33-2
Added Pin To Net: NetName=+5V Pin=R34-1
Added Pin To Net: NetName=“Ã5 Pin=R34-2
Added Pin To Net: NetName=+5V Pin=R35-1
Added Pin To Net: NetName=“Ã6 Pin=R35-2
Added Pin To Net: NetName=+5V Pin=R36-1
Added Pin To Net: NetName=“Ã7 Pin=R36-2
Added Pin To Net: NetName=+5V Pin=R37-1
Added Pin To Net: NetName=“Ã8 Pin=R37-2
Added Pin To Net: NetName=NETLABEL7 Pin=R38-1
Added Pin To Net: NetName=NETLABEL16 Pin=R38-2
Added Pin To Net: NetName=NETLABEL7 Pin=R39-1
Added Pin To Net: NetName=NetR1_1 Pin=R39-2
Added Pin To Net: NetName=NETLABEL7 Pin=R40-1
Added Pin To Net: NetName=NetR2_1 Pin=R40-2
Added Pin To Net: NetName=NETLABEL7 Pin=R41-1
Added Pin To Net: NetName=NetR3_1 Pin=R41-2
Added Pin To Net: NetName=NETLABEL7 Pin=R42-1
Added Pin To Net: NetName=NetR4_1 Pin=R42-2
Added Pin To Net: NetName=NETLABEL7 Pin=R43-1
Added Pin To Net: NetName=NetR5_1 Pin=R43-2
Added Pin To Net: NetName=NETLABEL7 Pin=R44-1
Added Pin To Net: NetName=NetR6_1 Pin=R44-2
Added Pin To Net: NetName=NETLABEL7 Pin=R45-1
Added Pin To Net: NetName=NetR7_1 Pin=R45-2
Added Pin To Net: NetName=+5V Pin=R46-1
Added Pin To Net: NetName=“Ã9 Pin=R46-2
Added Pin To Net: NetName=+5V Pin=R47-1
Added Pin To Net: NetName=“Ã10 Pin=R47-2
Added Pin To Net: NetName=+5V Pin=R48-1
Added Pin To Net: NetName=NetDD2_14 Pin=R48-2
Added Pin To Net: NetName=+5V Pin=R49-1
Added Pin To Net: NetName=NETLABEL1 Pin=R49-2
Added Pin To Net: NetName=NETLABEL7 Pin=R50-1
Added Pin To Net: NetName=NetR8_1 Pin=R50-2
Added Pin To Net: NetName=NETLABEL7 Pin=R51-1
Added Pin To Net: NetName=NetR9_1 Pin=R51-2
Added Pin To Net: NetName=NETLABEL7 Pin=R52-1
Added Pin To Net: NetName=NetXT3_15 Pin=R52-2
Added Pin To Net: NetName=NETLABEL7 Pin=R53-1
Added Pin To Net: NetName=NetXT3_16 Pin=R53-2
Added Pin To Net: NetName=NETLABEL15 Pin=R54-1
Added Pin To Net: NetName=+5V Pin=R55-1
Added Pin To Net: NetName=+27¬_Í‡ÏÂ‡ Pin=R55-2
Added Pin To Net: NetName=-27¬ Pin=R57-1
Added Pin To Net: NetName=NetDA2_2 Pin=R57-2
Added Pin To Net: NetName=-27¬ Pin=R58-2
Added Pin To Net: NetName=+27¬ Pin=SA1-2
Added Pin To Net: NetName=+27¬_ÔÛÎ¸Ú Pin=SA1-3
Added Pin To Net: NetName=-27¬_Í‡ÏÂ‡ Pin=SA2-1
Added Pin To Net: NetName=-27¬ Pin=SA2-2
Added Pin To Net: NetName=+27¬_ÔÛÎ¸Ú Pin=SA3-2
Added Pin To Net: NetName=-27¬ Pin=VD1-2
Added Pin To Net: NetName=-27¬_Í‡ÏÂ‡ Pin=VD2-2
Added Pin To Net: NetName=+5V Pin=VD3-1
Added Pin To Net: NetName=+5V Pin=VD4-1
Added Pin To Net: NetName=+5V Pin=VD5-1
Added Pin To Net: NetName=+5V Pin=VD6-1
Added Pin To Net: NetName=+5V Pin=VD7-1
Added Pin To Net: NetName=+5V Pin=VD8-1
Added Pin To Net: NetName=+5V Pin=VD9-1
Added Pin To Net: NetName=+5V Pin=VD10-1
Added Pin To Net: NetName=NETLABEL16 Pin=VD11-1
Added Pin To Net: NetName=NetR1_1 Pin=VD12-1
Added Pin To Net: NetName=NetR2_1 Pin=VD13-1
Added Pin To Net: NetName=NetR3_1 Pin=VD14-1
Added Pin To Net: NetName=NetR4_1 Pin=VD15-1
Added Pin To Net: NetName=NetR5_1 Pin=VD16-1
Added Pin To Net: NetName=NetR6_1 Pin=VD17-1
Added Pin To Net: NetName=NetR7_1 Pin=VD18-1
Added Pin To Net: NetName=NETLABEL1 Pin=VD19-1
Added Pin To Net: NetName= œ—-1 Pin=VD19-2
Added Pin To Net: NetName= œ—-2 Pin=VD20-1
Added Pin To Net: NetName=NetR8_1 Pin=VD21-1
Added Pin To Net: NetName=NetR9_1 Pin=VD22-1
Added Pin To Net: NetName=NetXT3_15 Pin=VD23-1
Added Pin To Net: NetName=NetXT3_16 Pin=VD24-1
Added Pin To Net: NetName=-27¬ Pin=VD25-1
Added Pin To Net: NetName=NetDA2_2 Pin=VD25-2
Added Pin To Net: NetName=-27¬ Pin=VD26-1
Added Pin To Net: NetName=-27¬ Pin=VD27-1
Added Pin To Net: NetName=NetDA1_9 Pin=VD27-2
Added Pin To Net: NetName=+27¬_ÔÛÎ¸Ú Pin=VT1-3
Added Pin To Net: NetName=+27¬ Pin=XT1-1
Added Pin To Net: NetName=+27¬ Pin=XT1-2
Added Pin To Net: NetName=+27¬ Pin=XT1-3
Added Pin To Net: NetName=+27¬ Pin=XT1-4
Added Pin To Net: NetName=+27¬_ÔÛÎ¸Ú Pin=XT1-5
Added Pin To Net: NetName=+27¬_ÔÛÎ¸Ú Pin=XT1-6
Added Pin To Net: NetName=-27¬ Pin=XT1-11
Added Pin To Net: NetName=-27¬ Pin=XT1-12
Added Pin To Net: NetName=-27¬ Pin=XT1-13
Added Pin To Net: NetName=-27¬ Pin=XT1-14
Added Pin To Net: NetName=-27¬_Í‡ÏÂ‡ Pin=XT1-15
Added Pin To Net: NetName=-27¬_Í‡ÏÂ‡ Pin=XT1-16
Added Pin To Net: NetName=-27¬_Í‡ÏÂ‡ Pin=XT1-17
Added Pin To Net: NetName=-27¬_Í‡ÏÂ‡ Pin=XT1-18
Added Pin To Net: NetName=+5V Pin=XT1-19
Added Pin To Net: NetName= œ—-1 Pin=XT2-1
Added Pin To Net: NetName= œ—-1 Pin=XT2-2
Added Pin To Net: NetName= œ—-1 Pin=XT2-3
Added Pin To Net: NetName= œ—-1 Pin=XT2-4
Added Pin To Net: NetName= œ—-1 Pin=XT2-5
Added Pin To Net: NetName= œ—-2 Pin=XT2-6
Added Pin To Net: NetName= œ—-2 Pin=XT2-7
Added Pin To Net: NetName= œ—-2 Pin=XT2-8
Added Pin To Net: NetName= œ—-2 Pin=XT2-9
Added Pin To Net: NetName= œ—-2 Pin=XT2-10
Added Pin To Net: NetName=-27¬ Pin=XT3-1
Added Pin To Net: NetName=-27¬ Pin=XT3-2
Added Pin To Net: NetName=-27¬ Pin=XT3-3
Added Pin To Net: NetName=-27¬ Pin=XT3-4
Added Pin To Net: NetName=NetDA2_9 Pin=XT3-6
Added Pin To Net: NetName=NetDA3_2 Pin=XT3-8
Added Pin To Net: NetName=NetDA3_9 Pin=XT3-10
Added Pin To Net: NetName=NetDA4_2 Pin=XT3-12
Added Pin To Net: NetName=NETLABEL2 Pin=XT3-14
Added Pin To Net: NetName=NETLABEL8 Pin=XT3-16
Added Pin To Net: NetName=NETLABEL9 Pin=XT3-18
Added Pin To Net: NetName=NETLABEL10 Pin=XT3-20
Added Pin To Net: NetName=NETLABEL15 Pin=XT3-21
Added Pin To Net: NetName=NETLABEL11 Pin=XT3-22
Added Pin To Net: NetName=NETLABEL12 Pin=XT3-24
Added Pin To Net: NetName=NETLABEL13 Pin=XT3-26
Added Pin To Net: NetName=NETLABEL14 Pin=XT3-28
Added Pin To Net: NetName=-27¬ Pin=XT3-29
Added Pin To Net: NetName=NetDA2_2 Pin=XT3-33
Added Pin To Net: NetName=-27¬ Pin=XT3-34
Added Pin To Net: NetName=-27¬ Pin=XT3-36
Added Pin To Net: NetName=NetDA1_11 Pin=XT4-1
Added Pin To Net: NetName=NetDA1_13 Pin=XT4-2
Added Pin To Net: NetName=NetDA1_4 Pin=XT4-3
Added Pin To Net: NetName=NetDA1_6 Pin=XT4-4
Added Pin To Net: NetName=NetDA2_11 Pin=XT4-5
Added Pin To Net: NetName=NetDA2_13 Pin=XT4-6
Added Pin To Net: NetName=NetDA2_4 Pin=XT4-7
Added Pin To Net: NetName=NetDA2_6 Pin=XT4-8
Added Pin To Net: NetName=NetDA3_11 Pin=XT4-9
Added Pin To Net: NetName=NetDA3_13 Pin=XT4-10
Added Pin To Net: NetName=NetDA3_4 Pin=XT4-11
Added Pin To Net: NetName=NetDA3_6 Pin=XT4-12
Added Pin To Net: NetName=NetDA4_11 Pin=XT4-13
Added Pin To Net: NetName=NetDA4_13 Pin=XT4-14
Added Pin To Net: NetName=“Ã1 Pin=XT5-1
Added Pin To Net: NetName=“Ã2 Pin=XT5-2
Added Pin To Net: NetName=“Ã3 Pin=XT5-3
Added Pin To Net: NetName=“Ã4 Pin=XT5-4
Added Pin To Net: NetName=“Ã5 Pin=XT5-5
Added Pin To Net: NetName=“Ã6 Pin=XT5-6
Added Pin To Net: NetName=“Ã7 Pin=XT5-7
Added Pin To Net: NetName=“Ã8 Pin=XT5-8
Added Pin To Net: NetName=“Ã9 Pin=XT5-9
Added Pin To Net: NetName=“Ã10 Pin=XT5-10
Added Pin To Net: NetName=-27¬ Pin=œ2-1
Added Pin To Net: NetName=-27¬_Í‡ÏÂ‡ Pin=œ3-1
Added Pin To Net: NetName=-27¬_Í‡ÏÂ‡ Pin=œ4-1
Added Pin To Net: NetName= œ—-1 Pin=œ5-1
Added Pin To Net: NetName= œ—-2 Pin=œ6-1
Added Pin To Net: NetName=NetDD2_14 Pin=œ7-1
Change Net Name : Old Net Name=+27¬_Í‡ÏÂ‡ New Net Name=NetDA5_2
Change Net Name : Old Net Name=NetDA1_2 New Net Name=NetDA5_3
Change Net Name : Old Net Name=NetDA1_9 New Net Name=NetDA5_13
Change Net Name : Old Net Name=NetDA2_2 New Net Name=NetDA6_6
Change Net Name : Old Net Name=NetDA2_9 New Net Name=NetDD2_6
Change Net Name : Old Net Name=NetDA3_2 New Net Name=NetDD2_10
Change Net Name : Old Net Name=NetDA3_9 New Net Name=NetDD2_12
Change Net Name : Old Net Name=NetDA4_2 New Net Name=NetDD2_15
Change Net Name : Old Net Name=NetDD2_11 New Net Name=NetDD4_3
Change Net Name : Old Net Name=NetDD2_14 New Net Name=NetDD6_11
Change Net Name : Old Net Name=NETLABEL1 New Net Name=NetDD6_14
Change Net Name : Old Net Name=NETLABEL2 New Net Name=NetDD7_2
Change Net Name : Old Net Name=NETLABEL8 New Net Name=NetDD7_4
Change Net Name : Old Net Name=NETLABEL9 New Net Name=NetDD7_6
Change Net Name : Old Net Name=NETLABEL10 New Net Name=NetDD7_10
Change Net Name : Old Net Name=NETLABEL11 New Net Name=NetDD7_12
Change Net Name : Old Net Name=NETLABEL12 New Net Name=NetDD7_15
Change Net Name : Old Net Name=NETLABEL13 New Net Name=NetDD8_2
Change Net Name : Old Net Name=NETLABEL14 New Net Name=NetDD8_4
Change Net Name : Old Net Name=NETLABEL15 New Net Name=NetDD8_7
Change Net Name : Old Net Name=NETLABEL16 New Net Name=NetR38_2
Change Net Name : Old Net Name=NetR1_1 New Net Name=NetR39_2
Change Net Name : Old Net Name=NetR2_1 New Net Name=NetR40_2
Change Net Name : Old Net Name=NetR3_1 New Net Name=NetR41_2
Change Net Name : Old Net Name=NetR4_1 New Net Name=NetR42_2
Change Net Name : Old Net Name=NetR5_1 New Net Name=NetR43_2
Change Net Name : Old Net Name=NetR6_1 New Net Name=NetR44_2
Change Net Name : Old Net Name=NetR7_1 New Net Name=NetR45_2
Change Net Name : Old Net Name=NetR8_1 New Net Name=NetR50_2
Change Net Name : Old Net Name=NetR9_1 New Net Name=NetR51_2
Change Net Name : Old Net Name=NetXT3_15 New Net Name=NetR52_2
Change Net Name : Old Net Name=NetXT3_16 New Net Name=NetR53_2
Added Pin To Net: NetName=+27¬_Í‡Ï_RS+ Pin=DA6-1
Added Pin To Net: NetName=+27¬_Í‡Ï_RS+ Pin=R3-2
Added Pin To Net: NetName=+27¬_Í‡Ï_RS+ Pin=SA3-3
Added Pin To Net: NetName=+27¬_Í‡Ï_RS+ Pin=VT1-2
Added Pin To Net: NetName=+27¬_Í‡Ï_RS+ Pin=œ1-1
Added Net: Name=+27¬_Í‡Ï_RS+
Added Pin To Net: NetName=+27¬_Í‡Ï_RS- Pin=DA6-2
Added Pin To Net: NetName=+27¬_Í‡Ï_RS- Pin=R3-1
Added Pin To Net: NetName=+27¬_Í‡Ï_RS- Pin=R4-1
Added Pin To Net: NetName=+27¬_Í‡Ï_RS- Pin=R56-1
Added Pin To Net: NetName=+27¬_Í‡Ï_RS- Pin=XT1-7
Added Pin To Net: NetName=+27¬_Í‡Ï_RS- Pin=XT1-8
Added Pin To Net: NetName=+27¬_Í‡Ï_RS- Pin=XT1-9
Added Pin To Net: NetName=+27¬_Í‡Ï_RS- Pin=XT1-10
Added Net: Name=+27¬_Í‡Ï_RS-
Added Pin To Net: NetName=CAM_POWER Pin=DA5-11
Added Pin To Net: NetName=CAM_POWER Pin=R5-2
Added Net: Name=CAM_POWER
Added Pin To Net: NetName=GND Pin=C1-1
Added Pin To Net: NetName=GND Pin=C2-1
Added Pin To Net: NetName=GND Pin=C3-2
Added Pin To Net: NetName=GND Pin=DD1-8
Added Pin To Net: NetName=GND Pin=DD2-8
Added Pin To Net: NetName=GND Pin=DD3-8
Added Pin To Net: NetName=GND Pin=DD4-8
Added Pin To Net: NetName=GND Pin=DD5-8
Added Pin To Net: NetName=GND Pin=DD6-8
Added Pin To Net: NetName=GND Pin=DD7-8
Added Pin To Net: NetName=GND Pin=DD8-8
Added Pin To Net: NetName=GND Pin=R6-1
Added Pin To Net: NetName=GND Pin=R7-1
Added Pin To Net: NetName=GND Pin=R8-1
Added Pin To Net: NetName=GND Pin=R9-1
Added Pin To Net: NetName=GND Pin=R10-1
Added Pin To Net: NetName=GND Pin=R11-1
Added Pin To Net: NetName=GND Pin=R12-1
Added Pin To Net: NetName=GND Pin=R13-1
Added Pin To Net: NetName=GND Pin=R54-2
Added Pin To Net: NetName=GND Pin=SA4-3
Added Pin To Net: NetName=GND Pin=SA5-3
Added Pin To Net: NetName=GND Pin=SA6-3
Added Pin To Net: NetName=GND Pin=SA7-3
Added Pin To Net: NetName=GND Pin=SA8-3
Added Pin To Net: NetName=GND Pin=SA9-3
Added Pin To Net: NetName=GND Pin=SA10-3
Added Pin To Net: NetName=GND Pin=SA11-3
Added Pin To Net: NetName=GND Pin=VD11-2
Added Pin To Net: NetName=GND Pin=VD12-2
Added Pin To Net: NetName=GND Pin=VD13-2
Added Pin To Net: NetName=GND Pin=VD14-2
Added Pin To Net: NetName=GND Pin=VD15-2
Added Pin To Net: NetName=GND Pin=VD16-2
Added Pin To Net: NetName=GND Pin=VD17-2
Added Pin To Net: NetName=GND Pin=VD18-2
Added Pin To Net: NetName=GND Pin=VD20-2
Added Pin To Net: NetName=GND Pin=VD21-2
Added Pin To Net: NetName=GND Pin=VD22-2
Added Pin To Net: NetName=GND Pin=VD23-2
Added Pin To Net: NetName=GND Pin=VD24-2
Added Pin To Net: NetName=GND Pin=XT1-20
Added Pin To Net: NetName=GND Pin=XT3-30
Added Pin To Net: NetName=GND Pin=XT3-31
Added Pin To Net: NetName=GND Pin=XT3-32
Added Pin To Net: NetName=GND Pin=XT3-39
Added Pin To Net: NetName=GND Pin=XT3-40
Added Net: Name=GND
Added Pin To Net: NetName=NetDA1_3 Pin=DA1-3
Added Pin To Net: NetName=NetDA1_3 Pin=R15-2
Added Net: Name=NetDA1_3
Added Pin To Net: NetName=NetDA1_10 Pin=DA1-10
Added Pin To Net: NetName=NetDA1_10 Pin=R17-2
Added Net: Name=NetDA1_10
Added Pin To Net: NetName=NetDA2_3 Pin=DA2-3
Added Pin To Net: NetName=NetDA2_3 Pin=R19-2
Added Net: Name=NetDA2_3
Added Pin To Net: NetName=NetDA2_10 Pin=DA2-10
Added Pin To Net: NetName=NetDA2_10 Pin=R21-2
Added Net: Name=NetDA2_10
Added Pin To Net: NetName=NetDA3_3 Pin=DA3-3
Added Pin To Net: NetName=NetDA3_3 Pin=R23-2
Added Net: Name=NetDA3_3
Added Pin To Net: NetName=NetDA3_10 Pin=DA3-10
Added Pin To Net: NetName=NetDA3_10 Pin=R25-2
Added Net: Name=NetDA3_10
Added Pin To Net: NetName=NetDA4_3 Pin=DA4-3
Added Pin To Net: NetName=NetDA4_3 Pin=R27-2
Added Net: Name=NetDA4_3
Added Pin To Net: NetName=NetDA4_4 Pin=DA4-4
Added Pin To Net: NetName=NetDA4_4 Pin=XT4-15
Added Net: Name=NetDA4_4
Added Pin To Net: NetName=NetDA4_6 Pin=DA4-6
Added Pin To Net: NetName=NetDA4_6 Pin=XT4-16
Added Net: Name=NetDA4_6
Added Pin To Net: NetName=NetDA4_10 Pin=DA4-10
Added Pin To Net: NetName=NetDA4_10 Pin=R29-2
Added Net: Name=NetDA4_10
Added Pin To Net: NetName=NetDD1_2 Pin=DD1-2
Added Pin To Net: NetName=NetDD1_2 Pin=DD3-1
Added Net: Name=NetDD1_2
Added Pin To Net: NetName=NetDD1_3 Pin=DD1-3
Added Pin To Net: NetName=NetDD1_3 Pin=R6-2
Added Pin To Net: NetName=NetDD1_3 Pin=XT3-5
Added Net: Name=NetDD1_3
Added Pin To Net: NetName=NetDD1_4 Pin=DD1-4
Added Pin To Net: NetName=NetDD1_4 Pin=DD3-2
Added Net: Name=NetDD1_4
Added Pin To Net: NetName=NetDD1_5 Pin=DD1-5
Added Pin To Net: NetName=NetDD1_5 Pin=R7-2
Added Pin To Net: NetName=NetDD1_5 Pin=XT3-7
Added Net: Name=NetDD1_5
Added Pin To Net: NetName=NetDD1_6 Pin=DD1-6
Added Pin To Net: NetName=NetDD1_6 Pin=DD3-3
Added Net: Name=NetDD1_6
Added Pin To Net: NetName=NetDD1_7 Pin=DD1-7
Added Pin To Net: NetName=NetDD1_7 Pin=R8-2
Added Pin To Net: NetName=NetDD1_7 Pin=XT3-9
Added Net: Name=NetDD1_7
Added Pin To Net: NetName=NetDD1_9 Pin=DD1-9
Added Pin To Net: NetName=NetDD1_9 Pin=R9-2
Added Pin To Net: NetName=NetDD1_9 Pin=XT3-11
Added Net: Name=NetDD1_9
Added Pin To Net: NetName=NetDD1_10 Pin=DD1-10
Added Pin To Net: NetName=NetDD1_10 Pin=DD3-4
Added Net: Name=NetDD1_10
Added Pin To Net: NetName=NetDD1_11 Pin=DD1-11
Added Pin To Net: NetName=NetDD1_11 Pin=R10-2
Added Pin To Net: NetName=NetDD1_11 Pin=XT3-13
Added Net: Name=NetDD1_11
Added Pin To Net: NetName=NetDD1_12 Pin=DD1-12
Added Pin To Net: NetName=NetDD1_12 Pin=DD3-5
Added Net: Name=NetDD1_12
Added Pin To Net: NetName=NetDD1_14 Pin=DD1-14
Added Pin To Net: NetName=NetDD1_14 Pin=R11-2
Added Pin To Net: NetName=NetDD1_14 Pin=XT3-15
Added Net: Name=NetDD1_14
Added Pin To Net: NetName=NetDD1_15 Pin=DD1-15
Added Pin To Net: NetName=NetDD1_15 Pin=DD3-6
Added Net: Name=NetDD1_15
Added Pin To Net: NetName=NetDD2_2 Pin=DD2-2
Added Pin To Net: NetName=NetDD2_2 Pin=DD4-1
Added Net: Name=NetDD2_2
Added Pin To Net: NetName=NetDD2_3 Pin=DD2-3
Added Pin To Net: NetName=NetDD2_3 Pin=R12-2
Added Pin To Net: NetName=NetDD2_3 Pin=XT3-17
Added Net: Name=NetDD2_3
Added Pin To Net: NetName=NetDD2_4 Pin=DD2-4
Added Pin To Net: NetName=NetDD2_4 Pin=DD4-2
Added Net: Name=NetDD2_4
Added Pin To Net: NetName=NetDD2_5 Pin=DD2-5
Added Pin To Net: NetName=NetDD2_5 Pin=R13-2
Added Pin To Net: NetName=NetDD2_5 Pin=XT3-19
Added Net: Name=NetDD2_5
Added Pin To Net: NetName=NetDD3_11 Pin=DD3-11
Added Pin To Net: NetName=NetDD3_11 Pin=R24-1
Added Pin To Net: NetName=NetDD3_11 Pin=R25-1
Added Pin To Net: NetName=NetDD3_11 Pin=SA9-2
Added Net: Name=NetDD3_11
Added Pin To Net: NetName=NetDD3_12 Pin=DD3-12
Added Pin To Net: NetName=NetDD3_12 Pin=R22-1
Added Pin To Net: NetName=NetDD3_12 Pin=R23-1
Added Pin To Net: NetName=NetDD3_12 Pin=SA8-2
Added Net: Name=NetDD3_12
Added Pin To Net: NetName=NetDD3_13 Pin=DD3-13
Added Pin To Net: NetName=NetDD3_13 Pin=R20-1
Added Pin To Net: NetName=NetDD3_13 Pin=R21-1
Added Pin To Net: NetName=NetDD3_13 Pin=SA7-2
Added Net: Name=NetDD3_13
Added Pin To Net: NetName=NetDD3_14 Pin=DD3-14
Added Pin To Net: NetName=NetDD3_14 Pin=R18-1
Added Pin To Net: NetName=NetDD3_14 Pin=R19-1
Added Pin To Net: NetName=NetDD3_14 Pin=SA6-2
Added Net: Name=NetDD3_14
Added Pin To Net: NetName=NetDD3_15 Pin=DD3-15
Added Pin To Net: NetName=NetDD3_15 Pin=R16-1
Added Pin To Net: NetName=NetDD3_15 Pin=R17-1
Added Pin To Net: NetName=NetDD3_15 Pin=SA5-2
Added Net: Name=NetDD3_15
Added Pin To Net: NetName=NetDD3_16 Pin=DD3-16
Added Pin To Net: NetName=NetDD3_16 Pin=R14-1
Added Pin To Net: NetName=NetDD3_16 Pin=R15-1
Added Pin To Net: NetName=NetDD3_16 Pin=SA4-2
Added Net: Name=NetDD3_16
Added Pin To Net: NetName=NetDD4_15 Pin=DD4-15
Added Pin To Net: NetName=NetDD4_15 Pin=R28-1
Added Pin To Net: NetName=NetDD4_15 Pin=R29-1
Added Pin To Net: NetName=NetDD4_15 Pin=SA11-2
Added Net: Name=NetDD4_15
Added Pin To Net: NetName=NetDD4_16 Pin=DD4-16
Added Pin To Net: NetName=NetDD4_16 Pin=R26-1
Added Pin To Net: NetName=NetDD4_16 Pin=R27-1
Added Pin To Net: NetName=NetDD4_16 Pin=SA10-2
Added Net: Name=NetDD4_16
Added Pin To Net: NetName=NetR1_2 Pin=R1-2
Added Pin To Net: NetName=NetR1_2 Pin=R5-1
Added Pin To Net: NetName=NetR1_2 Pin=VT1-1
Added Net: Name=NetR1_2
Added Pin To Net: NetName=NetR2_2 Pin=R2-2
Added Pin To Net: NetName=NetR2_2 Pin=VD1-1
Added Net: Name=NetR2_2
Added Pin To Net: NetName=NetR4_2 Pin=R4-2
Added Pin To Net: NetName=NetR4_2 Pin=VD2-1
Added Net: Name=NetR4_2
Added Pin To Net: NetName=NetR14_2 Pin=R14-2
Added Pin To Net: NetName=NetR14_2 Pin=VD3-2
Added Net: Name=NetR14_2
Added Pin To Net: NetName=NetR16_2 Pin=R16-2
Added Pin To Net: NetName=NetR16_2 Pin=VD4-2
Added Net: Name=NetR16_2
Added Pin To Net: NetName=NetR18_2 Pin=R18-2
Added Pin To Net: NetName=NetR18_2 Pin=VD5-2
Added Net: Name=NetR18_2
Added Pin To Net: NetName=NetR20_2 Pin=R20-2
Added Pin To Net: NetName=NetR20_2 Pin=VD6-2
Added Net: Name=NetR20_2
Added Pin To Net: NetName=NetR22_2 Pin=R22-2
Added Pin To Net: NetName=NetR22_2 Pin=VD7-2
Added Net: Name=NetR22_2
Added Pin To Net: NetName=NetR24_2 Pin=R24-2
Added Pin To Net: NetName=NetR24_2 Pin=VD8-2
Added Net: Name=NetR24_2
Added Pin To Net: NetName=NetR26_2 Pin=R26-2
Added Pin To Net: NetName=NetR26_2 Pin=VD9-2
Added Net: Name=NetR26_2
Added Pin To Net: NetName=NetR28_2 Pin=R28-2
Added Pin To Net: NetName=NetR28_2 Pin=VD10-2
Added Net: Name=NetR28_2
Added Pin To Net: NetName=NetR56_2 Pin=R56-2
Added Pin To Net: NetName=NetR56_2 Pin=R58-1
Added Pin To Net: NetName=NetR56_2 Pin=VD26-2
Added Pin To Net: NetName=NetR56_2 Pin=XT3-35
Added Net: Name=NetR56_2
Added Class: Name=÷“≈¿4.324.039_›3_3
Added Member To Class: ClassName=÷“≈¿4.324.039_›3_1 Member=Component C1 1uF
Added Member To Class: ClassName=÷“≈¿4.324.039_›3_1 Member=Component C2 1uF
Added Member To Class: ClassName=÷“≈¿4.324.039_›3_1 Member=Component C3 47uF
Added Member To Class: ClassName=÷“≈¿4.324.039_›3_2 Member=Component DA1 249 œ1—
Added Member To Class: ClassName=÷“≈¿4.324.039_›3_2 Member=Component DA2 249 œ1—
Added Member To Class: ClassName=÷“≈¿4.324.039_›3_2 Member=Component DA3 249 œ1—
Added Member To Class: ClassName=÷“≈¿4.324.039_›3_2 Member=Component DA4 249 œ1—
Added Member To Class: ClassName=÷“≈¿4.324.039_›3_2 Member=Component DD1 Mikroshema
Added Member To Class: ClassName=÷“≈¿4.324.039_›3_2 Member=Component DD2 Mikroshema
Added Member To Class: ClassName=÷“≈¿4.324.039_›3_2 Member=Component DD3 Mikroshema
Added Member To Class: ClassName=÷“≈¿4.324.039_›3_2 Member=Component DD4 Mikroshema
Added Member To Class: ClassName=÷“≈¿4.324.039_›3_1 Member=Component R1 Res
Added Member To Class: ClassName=÷“≈¿4.324.039_›3_1 Member=Component R2 Res
Added Member To Class: ClassName=÷“≈¿4.324.039_›3_1 Member=Component R3 Res
Added Member To Class: ClassName=÷“≈¿4.324.039_›3_1 Member=Component R4 Res
Added Member To Class: ClassName=÷“≈¿4.324.039_›3_1 Member=Component R5 Res
Added Member To Class: ClassName=÷“≈¿4.324.039_›3_2 Member=Component R6 Res
Added Member To Class: ClassName=÷“≈¿4.324.039_›3_2 Member=Component R7 Res
Added Member To Class: ClassName=÷“≈¿4.324.039_›3_2 Member=Component R8 Res
Added Member To Class: ClassName=÷“≈¿4.324.039_›3_2 Member=Component R9 Res
Added Member To Class: ClassName=÷“≈¿4.324.039_›3_2 Member=Component R10 Res
Added Member To Class: ClassName=÷“≈¿4.324.039_›3_2 Member=Component R11 Res
Added Member To Class: ClassName=÷“≈¿4.324.039_›3_2 Member=Component R12 Res
Added Member To Class: ClassName=÷“≈¿4.324.039_›3_2 Member=Component R13 Res
Added Member To Class: ClassName=÷“≈¿4.324.039_›3_2 Member=Component R14 Res
Added Member To Class: ClassName=÷“≈¿4.324.039_›3_2 Member=Component R15 Res
Added Member To Class: ClassName=÷“≈¿4.324.039_›3_2 Member=Component R16 Res
Added Member To Class: ClassName=÷“≈¿4.324.039_›3_2 Member=Component R17 Res
Added Member To Class: ClassName=÷“≈¿4.324.039_›3_2 Member=Component R18 Res
Added Member To Class: ClassName=÷“≈¿4.324.039_›3_2 Member=Component R19 Res
Added Member To Class: ClassName=÷“≈¿4.324.039_›3_2 Member=Component R20 Res
Added Member To Class: ClassName=÷“≈¿4.324.039_›3_2 Member=Component R21 Res
Added Member To Class: ClassName=÷“≈¿4.324.039_›3_2 Member=Component R22 Res
Added Member To Class: ClassName=÷“≈¿4.324.039_›3_2 Member=Component R23 Res
Added Member To Class: ClassName=÷“≈¿4.324.039_›3_2 Member=Component R24 Res
Added Member To Class: ClassName=÷“≈¿4.324.039_›3_2 Member=Component R25 Res
Added Member To Class: ClassName=÷“≈¿4.324.039_›3_2 Member=Component R26 Res
Added Member To Class: ClassName=÷“≈¿4.324.039_›3_2 Member=Component R27 Res
Added Member To Class: ClassName=÷“≈¿4.324.039_›3_2 Member=Component R28 Res
Added Member To Class: ClassName=÷“≈¿4.324.039_›3_2 Member=Component R29 Res
Added Member To Class: ClassName=÷“≈¿4.324.039_›3_1 Member=Component SA1 "œËÚ‡ÌËÂ ÔÛÎ¸Ú‡"
Added Member To Class: ClassName=÷“≈¿4.324.039_›3_1 Member=Component SA2 "»ÁÏÂÂÌËÂ ÚÓÍ‡"
Added Member To Class: ClassName=÷“≈¿4.324.039_›3_1 Member=Component SA3 "œËÚ‡ÌËÂ Í‡ÏÂ˚"
Added Member To Class: ClassName=÷“≈¿4.324.039_›3_2 Member=Component SA4 "1"
Added Member To Class: ClassName=÷“≈¿4.324.039_›3_2 Member=Component SA5 "2"
Added Member To Class: ClassName=÷“≈¿4.324.039_›3_2 Member=Component SA6 "3"
Added Member To Class: ClassName=÷“≈¿4.324.039_›3_2 Member=Component SA7 "4"
Added Member To Class: ClassName=÷“≈¿4.324.039_›3_2 Member=Component SA8 "5"
Added Member To Class: ClassName=÷“≈¿4.324.039_›3_2 Member=Component SA9 "6"
Added Member To Class: ClassName=÷“≈¿4.324.039_›3_2 Member=Component SA10 "7"
Added Member To Class: ClassName=÷“≈¿4.324.039_›3_2 Member=Component SA11 "8"
Added Member To Class: ClassName=÷“≈¿4.324.039_›3_1 Member=Component VD1 LED
Added Member To Class: ClassName=÷“≈¿4.324.039_›3_1 Member=Component VD2 LED
Added Member To Class: ClassName=÷“≈¿4.324.039_›3_2 Member=Component VD3 "Out1"
Added Member To Class: ClassName=÷“≈¿4.324.039_›3_2 Member=Component VD4 "Out2"
Added Member To Class: ClassName=÷“≈¿4.324.039_›3_2 Member=Component VD5 "Out3"
Added Member To Class: ClassName=÷“≈¿4.324.039_›3_2 Member=Component VD6 "Out4"
Added Member To Class: ClassName=÷“≈¿4.324.039_›3_2 Member=Component VD7 "Out5"
Added Member To Class: ClassName=÷“≈¿4.324.039_›3_2 Member=Component VD8 "Out6"
Added Member To Class: ClassName=÷“≈¿4.324.039_›3_2 Member=Component VD9 "Out7"
Added Member To Class: ClassName=÷“≈¿4.324.039_›3_2 Member=Component VD10 "Out8"
Added Member To Class: ClassName=÷“≈¿4.324.039_›3_1 Member=Component VT1 IRF4905PBF
Added Member To Class: ClassName=÷“≈¿4.324.039_›3_1 Member=Component XT1 1 +27¬
Added Member To Class: ClassName=÷“≈¿4.324.039_›3_1 Member=Component XT2 1  œ—-1
Added Member To Class: ClassName=÷“≈¿4.324.039_›3_2 Member=Component XT4 1 opt_out1+
Added Member To Class: ClassName=÷“≈¿4.324.039_›3_1 Member=Component œ1 "+U_Í‡Ï"
Added Member To Class: ClassName=÷“≈¿4.324.039_›3_1 Member=Component œ2 "-I_Í‡Ï"
Added Member To Class: ClassName=÷“≈¿4.324.039_›3_1 Member=Component œ3 "-U_Í‡Ï."
Added Member To Class: ClassName=÷“≈¿4.324.039_›3_1 Member=Component œ4 "+I_Í‡Ï."
Added Member To Class: ClassName=÷“≈¿4.324.039_›3_1 Member=Component œ5 " œ—-1"
Added Member To Class: ClassName=÷“≈¿4.324.039_›3_1 Member=Component œ6 " œ—-2"
