Change Component Designator: Old Designator=DD? New Designator=DD7
Change Component Designator: Old Designator=DD? New Designator=DD8
Change Component Designator: Old Designator=DD? New Designator=DD9
Change Component Designator: Old Designator=DD? New Designator=DD10
Change Component Designator: Old Designator=DD? New Designator=DD11
Change Component Designator: Old Designator=DD? New Designator=DD12
Change Component Designator: Old Designator=DD? New Designator=DD5
Change Component Designator: Old Designator=DD? New Designator=DD6
Change Component Designator: Old Designator=DD? New Designator=DD7
Change Component Designator: Old Designator=DD? New Designator=DD8
Change Component Designator: Old Designator=DD? New Designator=DD3
Change Component Designator: Old Designator=DD? New Designator=DD4
Change Component Designator: Old Designator=DD? New Designator=DD7
Change Component Designator: Old Designator=DD? New Designator=DD8
Change Component Designator: Old Designator=DD? New Designator=DD3
Change Component Designator: Old Designator=DD? New Designator=DD4
Change Component Designator: Old Designator=DD? New Designator=DD7
Change Component Designator: Old Designator=DD? New Designator=DD8
Change Component Designator: Old Designator=DD? New Designator=DD3
Change Component Designator: Old Designator=DD? New Designator=DD4
Change Component Designator: Old Designator=DD? New Designator=DD7
Change Component Designator: Old Designator=DD? New Designator=DD8
Change Component Designator: Old Designator=DD? New Designator=DD3
Change Component Designator: Old Designator=DD? New Designator=DD4
Change Component Designator: Old Designator=DD? New Designator=DD7
Change Component Designator: Old Designator=DD? New Designator=DD8
Change Component Designator: Old Designator=R? New Designator=R31
Change Component Designator: Old Designator=R? New Designator=R32
Change Component Designator: Old Designator=R? New Designator=R33
Change Component Designator: Old Designator=R? New Designator=R34
Change Component Designator: Old Designator=R? New Designator=R35
Change Component Designator: Old Designator=R? New Designator=R36
Change Component Designator: Old Designator=R? New Designator=R37
Change Component Designator: Old Designator=R? New Designator=R38
Change Component Designator: Old Designator=R? New Designator=R39
Change Component Designator: Old Designator=R? New Designator=R40
Change Component Designator: Old Designator=R? New Designator=R41
Change Component Designator: Old Designator=R? New Designator=R42
Change Component Designator: Old Designator=R? New Designator=R43
Change Component Designator: Old Designator=R? New Designator=R44
Change Component Designator: Old Designator=R? New Designator=R45
Change Component Designator: Old Designator=R? New Designator=R46
Change Component Designator: Old Designator=R? New Designator=R47
Change Component Designator: Old Designator=R? New Designator=R48
Change Component Designator: Old Designator=R? New Designator=R49
Change Component Designator: Old Designator=R? New Designator=R50
Change Component Designator: Old Designator=R? New Designator=R51
Change Component Designator: Old Designator=R? New Designator=R52
Change Component Designator: Old Designator=R? New Designator=R53
Change Component Designator: Old Designator=R? New Designator=R54
Change Component Designator: Old Designator=R? New Designator=R55
Change Component Designator: Old Designator=R? New Designator=R56
Change Component Designator: Old Designator=VD? New Designator=VD11
Change Component Designator: Old Designator=VD? New Designator=VD12
Change Component Designator: Old Designator=VD? New Designator=VD13
Change Component Designator: Old Designator=VD? New Designator=VD14
Change Component Designator: Old Designator=VD? New Designator=VD15
Change Component Designator: Old Designator=VD? New Designator=VD16
Change Component Designator: Old Designator=VD? New Designator=VD17
Change Component Designator: Old Designator=VD? New Designator=VD18
Change Component Designator: Old Designator=VD? New Designator=VD19
Change Component Designator: Old Designator=VD? New Designator=VD20
Change Component Designator: Old Designator=VD? New Designator=VD21
Change Component Designator: Old Designator=VD? New Designator=VD22
Change Component Designator: Old Designator=VD? New Designator=VD23
Change Component Designator: Old Designator=VD? New Designator=VD24
Change Component Designator: Old Designator=VD? New Designator=VD25
Change Component Designator: Old Designator=XT? New Designator=XT4
Change Component Part ID : Designator=XT4 Old Part ID =1 New Part ID =5
Change Component Designator: Old Designator=XT? New Designator=XT4
Change Component Part ID : Designator=XT4 Old Part ID =2 New Part ID =6
Change Component Designator: Old Designator=XT? New Designator=XT4
Change Component Part ID : Designator=XT4 Old Part ID =3 New Part ID =7
Change Component Designator: Old Designator=XT? New Designator=XT4
Change Component Part ID : Designator=XT4 Old Part ID =4 New Part ID =8
Change Component Designator: Old Designator=XT? New Designator=XT4
Change Component Part ID : Designator=XT4 Old Part ID =5 New Part ID =9
Change Component Designator: Old Designator=XT? New Designator=XT4
Change Component Part ID : Designator=XT4 Old Part ID =6 New Part ID =10
Change Component Designator: Old Designator=XT? New Designator=XT4
Change Component Part ID : Designator=XT4 Old Part ID =7 New Part ID =11
Change Component Designator: Old Designator=XT? New Designator=XT4
Change Component Part ID : Designator=XT4 Old Part ID =8 New Part ID =12
Change Component Designator: Old Designator=XT? New Designator=XT4
Change Component Part ID : Designator=XT4 Old Part ID =9 New Part ID =13
Change Component Designator: Old Designator=XT? New Designator=XT4
Change Component Part ID : Designator=XT4 Old Part ID =10 New Part ID =14
Change Component Designator: Old Designator=XT? New Designator=XT4
Change Component Part ID : Designator=XT4 Old Part ID =11 New Part ID =15
Change Component Designator: Old Designator=XT? New Designator=XT4
Change Component Part ID : Designator=XT4 Old Part ID =12 New Part ID =16
Change Component Designator: Old Designator=XT? New Designator=XT4
Change Component Part ID : Designator=XT4 Old Part ID =13 New Part ID =1
Change Component Designator: Old Designator=XT? New Designator=XT5
Change Component Part ID : Designator=XT5 Old Part ID =13 New Part ID =1
Change Component Designator: Old Designator=XT? New Designator=XT4
Change Component Part ID : Designator=XT4 Old Part ID =14 New Part ID =2
Change Component Designator: Old Designator=XT? New Designator=XT5
Change Component Part ID : Designator=XT5 Old Part ID =14 New Part ID =2
Change Component Designator: Old Designator=XT? New Designator=XT4
Change Component Part ID : Designator=XT4 Old Part ID =15 New Part ID =3
Change Component Designator: Old Designator=XT? New Designator=XT4
Change Component Part ID : Designator=XT4 Old Part ID =16 New Part ID =4
Change Component Designator: Old Designator=Ï? New Designator=Ï7
Change Component Designator: Old Designator=Ï? New Designator=Ï8
