Change Component Designator: Old Designator=DD1 New Designator=DD?
Change Component Designator: Old Designator=DD1 New Designator=DD?
Change Component Designator: Old Designator=DD1 New Designator=DD?
Change Component Designator: Old Designator=DD1 New Designator=DD?
Change Component Designator: Old Designator=DD1 New Designator=DD?
Change Component Designator: Old Designator=DD1 New Designator=DD?
Change Component Designator: Old Designator=DD1 New Designator=DD?
Change Component Designator: Old Designator=DD1 New Designator=DD?
Change Component Designator: Old Designator=DD1 New Designator=DD?
Change Component Designator: Old Designator=DD1 New Designator=DD?
Change Component Designator: Old Designator=DD1 New Designator=DD?
Change Component Designator: Old Designator=DD1 New Designator=DD?
Change Component Designator: Old Designator=DD1 New Designator=DD?
Change Component Designator: Old Designator=R10 New Designator=R?
Change Component Designator: Old Designator=R10 New Designator=R?
Change Component Designator: Old Designator=R10 New Designator=R?
Change Component Designator: Old Designator=R10 New Designator=R?
Change Component Designator: Old Designator=R10 New Designator=R?
Change Component Designator: Old Designator=R10 New Designator=R?
Change Component Designator: Old Designator=R10 New Designator=R?
Change Component Designator: Old Designator=R10 New Designator=R?
Change Component Designator: Old Designator=R10 New Designator=R?
Change Component Designator: Old Designator=R10 New Designator=R?
Change Component Designator: Old Designator=R10 New Designator=R?
Change Component Designator: Old Designator=R10 New Designator=R?
Change Component Designator: Old Designator=R10 New Designator=R?
Change Component Designator: Old Designator=R19 New Designator=R?
Change Component Designator: Old Designator=R19 New Designator=R?
Change Component Designator: Old Designator=R19 New Designator=R?
Change Component Designator: Old Designator=R19 New Designator=R?
Change Component Designator: Old Designator=R19 New Designator=R?
Change Component Designator: Old Designator=R19 New Designator=R?
Change Component Designator: Old Designator=R19 New Designator=R?
Change Component Designator: Old Designator=R19 New Designator=R?
Change Component Designator: Old Designator=R19 New Designator=R?
Change Component Designator: Old Designator=R19 New Designator=R?
Change Component Designator: Old Designator=R19 New Designator=R?
Change Component Designator: Old Designator=R19 New Designator=R?
Change Component Designator: Old Designator=R19 New Designator=R?
Change Component Designator: Old Designator=VD3 New Designator=VD?
Change Component Designator: Old Designator=VD3 New Designator=VD?
Change Component Designator: Old Designator=VD3 New Designator=VD?
Change Component Designator: Old Designator=VD3 New Designator=VD?
Change Component Designator: Old Designator=VD3 New Designator=VD?
Change Component Designator: Old Designator=VD3 New Designator=VD?
Change Component Designator: Old Designator=VD3 New Designator=VD?
Change Component Designator: Old Designator=VD3 New Designator=VD?
Change Component Designator: Old Designator=VD3 New Designator=VD?
Change Component Designator: Old Designator=VD3 New Designator=VD?
Change Component Designator: Old Designator=VD3 New Designator=VD?
Change Component Designator: Old Designator=VD3 New Designator=VD?
Change Component Designator: Old Designator=VD3 New Designator=VD?
Change Component Designator: Old Designator=XT4 New Designator=XT?
Change Component Designator: Old Designator=XT4 New Designator=XT?
Change Component Designator: Old Designator=XT4 New Designator=XT?
Change Component Designator: Old Designator=XT4 New Designator=XT?
Change Component Designator: Old Designator=XT4 New Designator=XT?
Change Component Designator: Old Designator=XT4 New Designator=XT?
Change Component Designator: Old Designator=XT4 New Designator=XT?
Change Component Designator: Old Designator=XT4 New Designator=XT?
Change Component Designator: Old Designator=XT4 New Designator=XT?
Change Component Designator: Old Designator=XT4 New Designator=XT?
Change Component Designator: Old Designator=XT4 New Designator=XT?
Change Component Designator: Old Designator=XT4 New Designator=XT?
Change Component Designator: Old Designator=XT4 New Designator=XT?
Change Component Designator: Old Designator=XT4 New Designator=XT?
Change Component Designator: Old Designator=XT4 New Designator=XT?
Change Component Designator: Old Designator=XT4 New Designator=XT?
Change Component Designator: Old Designator=XT4 New Designator=XT?
Change Component Designator: Old Designator=XT4 New Designator=XT?
Change Component Designator: Old Designator=Ï9 New Designator=Ï?
Change Component Designator: Old Designator=Ï10 New Designator=Ï?
